  LevelGenerator.cpp
c:\users\blueace\documents\visual studio 2017\sokobangenerator\sokoban\sokoban\levelgenerator.cpp(16): warning C4244: 'argument': conversion from 'time_t' to 'unsigned int', possible loss of data
c:\users\blueace\documents\visual studio 2017\sokobangenerator\sokoban\sokoban\levelgenerator.cpp(36): warning C4305: 'argument': truncation from 'double' to 'T'
          with
          [
              T=float
          ]
c:\users\blueace\documents\visual studio 2017\sokobangenerator\sokoban\sokoban\levelgenerator.cpp(41): warning C4305: 'argument': truncation from 'double' to 'T'
          with
          [
              T=float
          ]
c:\users\blueace\documents\visual studio 2017\sokobangenerator\sokoban\sokoban\levelgenerator.cpp(46): warning C4305: 'argument': truncation from 'double' to 'T'
          with
          [
              T=float
          ]
c:\users\blueace\documents\visual studio 2017\sokobangenerator\sokoban\sokoban\levelgenerator.cpp(51): warning C4305: 'argument': truncation from 'double' to 'T'
          with
          [
              T=float
          ]
c:\users\blueace\documents\visual studio 2017\sokobangenerator\sokoban\sokoban\levelgenerator.cpp(62): warning C4305: 'argument': truncation from 'double' to 'T'
          with
          [
              T=float
          ]
c:\users\blueace\documents\visual studio 2017\sokobangenerator\sokoban\sokoban\levelgenerator.cpp(105): warning C4244: '=': conversion from '_Rep' to 'float', possible loss of data
          with
          [
              _Rep=__int64
          ]
c:\users\blueace\documents\visual studio 2017\sokobangenerator\sokoban\sokoban\levelgenerator.cpp(122): warning C4244: 'argument': conversion from 'time_t' to 'unsigned int', possible loss of data
  Sokoban.vcxproj -> C:\Users\Blueace\Documents\Visual Studio 2017\SokobanGenerator\Sokoban\x64\Debug\Sokoban.exe
